[debug] ----------------------------------------------------------------------
[debug] Command:      /usr/local/bin/node /usr/local/bin/firebase serve
[debug] CLI Version:  3.2.1
[debug] Platform:     linux
[debug] Node Version: v6.4.0
[debug] Time:         Thu Dec 29 2016 20:51:19 GMT+0530 (IST)
[debug] ----------------------------------------------------------------------
[debug] 
[info] Starting Firebase development server...
[info] 
[info] Project Directory: /home/raounak/Desktop/Aviate_Software
[warn] ⚠  Port 5000 is not available. Trying another port...
[info] Public Directory: public
[info] 
[info] Server listening at: http://localhost:5001
[debug] ----------------------------------------------------------------------
[debug] Command:      /usr/local/bin/node /usr/local/bin/firebase serve
[debug] CLI Version:  3.2.1
[debug] Platform:     linux
[debug] Node Version: v6.4.0
[debug] Time:         Fri Dec 30 2016 08:13:56 GMT+0530 (IST)
[debug] ----------------------------------------------------------------------
[debug] 
[info] Starting Firebase development server...
[info] 
[info] Project Directory: /home/raounak/Desktop/Aviate_Software
[info] Public Directory: public
[info] 
[info] Server listening at: http://localhost:5000
